[ 2017-04-18T11:53:20+08:00 ] 127.0.0.1 /favicon.ico
INFO: [ app_init ] --START--
INFO: Run Behavior\BuildLiteBehavior [ RunTime:0.000021s ]
INFO: [ app_init ] --END-- [ RunTime:0.000453s ]

[ 2017-04-18T13:02:06+08:00 ] 127.0.0.1 /lay/modules/form.js
INFO: [ app_init ] --START--
INFO: Run Behavior\BuildLiteBehavior [ RunTime:0.000023s ]
INFO: [ app_init ] --END-- [ RunTime:0.000738s ]
INFO: [ app_begin ] --START--
INFO: Run Behavior\ReadHtmlCacheBehavior [ RunTime:0.000655s ]
INFO: Run Behavior\CheckLangBehavior [ RunTime:0.000788s ]
INFO: [ app_begin ] --END-- [ RunTime:0.001611s ]
ERR: 无法加载控制器:Lay

[ 2017-04-18T13:03:05+08:00 ] 127.0.0.1 /lay/modules/form.js
INFO: [ app_init ] --START--
INFO: Run Behavior\BuildLiteBehavior [ RunTime:0.000023s ]
INFO: [ app_init ] --END-- [ RunTime:0.000464s ]
INFO: [ app_begin ] --START--
INFO: Run Behavior\ReadHtmlCacheBehavior [ RunTime:0.000508s ]
INFO: Run Behavior\CheckLangBehavior [ RunTime:0.000648s ]
INFO: [ app_begin ] --END-- [ RunTime:0.001366s ]
ERR: 无法加载控制器:Lay

[ 2017-04-18T13:03:56+08:00 ] 127.0.0.1 /lay/modules/form.js
INFO: [ app_init ] --START--
INFO: Run Behavior\BuildLiteBehavior [ RunTime:0.000021s ]
INFO: [ app_init ] --END-- [ RunTime:0.000436s ]
INFO: [ app_begin ] --START--
INFO: Run Behavior\ReadHtmlCacheBehavior [ RunTime:0.000470s ]
INFO: Run Behavior\CheckLangBehavior [ RunTime:0.000589s ]
INFO: [ app_begin ] --END-- [ RunTime:0.001264s ]
ERR: 无法加载控制器:Lay

[ 2017-04-18T13:04:11+08:00 ] 127.0.0.1 /lay/modules/form.js
INFO: [ app_init ] --START--
INFO: Run Behavior\BuildLiteBehavior [ RunTime:0.000022s ]
INFO: [ app_init ] --END-- [ RunTime:0.000427s ]
INFO: [ app_begin ] --START--
INFO: Run Behavior\ReadHtmlCacheBehavior [ RunTime:0.000509s ]
INFO: Run Behavior\CheckLangBehavior [ RunTime:0.000647s ]
INFO: [ app_begin ] --END-- [ RunTime:0.001327s ]
ERR: 无法加载控制器:Lay

[ 2017-04-18T13:04:28+08:00 ] 127.0.0.1 /lay/modules/form.js
INFO: [ app_init ] --START--
INFO: Run Behavior\BuildLiteBehavior [ RunTime:0.000022s ]
INFO: [ app_init ] --END-- [ RunTime:0.000438s ]
INFO: [ app_begin ] --START--
INFO: Run Behavior\ReadHtmlCacheBehavior [ RunTime:0.000404s ]
INFO: Run Behavior\CheckLangBehavior [ RunTime:0.000580s ]
INFO: [ app_begin ] --END-- [ RunTime:0.001137s ]
ERR: 无法加载控制器:Lay

[ 2017-04-18T13:04:40+08:00 ] 127.0.0.1 /lay/modules/form.js
INFO: [ app_init ] --START--
INFO: Run Behavior\BuildLiteBehavior [ RunTime:0.000023s ]
INFO: [ app_init ] --END-- [ RunTime:0.000534s ]
INFO: [ app_begin ] --START--
INFO: Run Behavior\ReadHtmlCacheBehavior [ RunTime:0.000537s ]
INFO: Run Behavior\CheckLangBehavior [ RunTime:0.000628s ]
INFO: [ app_begin ] --END-- [ RunTime:0.001332s ]
ERR: 无法加载控制器:Lay

[ 2017-04-18T13:05:11+08:00 ] 127.0.0.1 /lay/modules/form.js
INFO: [ app_init ] --START--
INFO: Run Behavior\BuildLiteBehavior [ RunTime:0.000021s ]
INFO: [ app_init ] --END-- [ RunTime:0.000404s ]
INFO: [ app_begin ] --START--
INFO: Run Behavior\ReadHtmlCacheBehavior [ RunTime:0.000441s ]
INFO: Run Behavior\CheckLangBehavior [ RunTime:0.000810s ]
INFO: [ app_begin ] --END-- [ RunTime:0.001508s ]
ERR: 无法加载控制器:Lay

[ 2017-04-18T13:05:39+08:00 ] 127.0.0.1 /lay/modules/form.js
INFO: [ app_init ] --START--
INFO: Run Behavior\BuildLiteBehavior [ RunTime:0.000023s ]
INFO: [ app_init ] --END-- [ RunTime:0.000463s ]
INFO: [ app_begin ] --START--
INFO: Run Behavior\ReadHtmlCacheBehavior [ RunTime:0.000464s ]
INFO: Run Behavior\CheckLangBehavior [ RunTime:0.000622s ]
INFO: [ app_begin ] --END-- [ RunTime:0.001269s ]
ERR: 无法加载控制器:Lay

[ 2017-04-18T13:05:45+08:00 ] 127.0.0.1 /lay/modules/form.js
INFO: [ app_init ] --START--
INFO: Run Behavior\BuildLiteBehavior [ RunTime:0.000022s ]
INFO: [ app_init ] --END-- [ RunTime:0.000415s ]
INFO: [ app_begin ] --START--
INFO: Run Behavior\ReadHtmlCacheBehavior [ RunTime:0.000524s ]
INFO: Run Behavior\CheckLangBehavior [ RunTime:0.000783s ]
INFO: [ app_begin ] --END-- [ RunTime:0.001503s ]
ERR: 无法加载控制器:Lay

[ 2017-04-18T13:21:06+08:00 ] 127.0.0.1 /lay/modules/form.js
INFO: [ app_init ] --START--
INFO: Run Behavior\BuildLiteBehavior [ RunTime:0.000023s ]
INFO: [ app_init ] --END-- [ RunTime:0.000491s ]
INFO: [ app_begin ] --START--
INFO: Run Behavior\ReadHtmlCacheBehavior [ RunTime:0.000669s ]
INFO: Run Behavior\CheckLangBehavior [ RunTime:0.000823s ]
INFO: [ app_begin ] --END-- [ RunTime:0.001660s ]
ERR: 无法加载控制器:Lay

[ 2017-04-18T13:23:31+08:00 ] 127.0.0.1 /lay/modules/form.js
INFO: [ app_init ] --START--
INFO: Run Behavior\BuildLiteBehavior [ RunTime:0.000022s ]
INFO: [ app_init ] --END-- [ RunTime:0.000447s ]
INFO: [ app_begin ] --START--
INFO: Run Behavior\ReadHtmlCacheBehavior [ RunTime:0.000609s ]
INFO: Run Behavior\CheckLangBehavior [ RunTime:0.000750s ]
INFO: [ app_begin ] --END-- [ RunTime:0.001515s ]
ERR: 无法加载控制器:Lay

[ 2017-04-18T13:29:45+08:00 ] 127.0.0.1 /favicon.ico
INFO: [ app_init ] --START--
INFO: Run Behavior\BuildLiteBehavior [ RunTime:0.000021s ]
INFO: [ app_init ] --END-- [ RunTime:0.000429s ]

[ 2017-04-18T21:32:09+08:00 ] 127.0.0.1 /
INFO: [ app_init ] --START--
INFO: Run Behavior\BuildLiteBehavior [ RunTime:0.001000s ]
INFO: [ app_init ] --END-- [ RunTime:0.039002s ]
INFO: [ app_begin ] --START--
INFO: Run Behavior\ReadHtmlCacheBehavior [ RunTime:0.010001s ]
INFO: Run Behavior\CheckLangBehavior [ RunTime:0.062003s ]
INFO: [ app_begin ] --END-- [ RunTime:0.074004s ]
INFO: [ view_parse ] --START--
INFO: [ template_filter ] --START--
INFO: Run Behavior\ContentReplaceBehavior [ RunTime:0.002000s ]
INFO: [ template_filter ] --END-- [ RunTime:0.002000s ]
INFO: Run Behavior\ParseTemplateBehavior [ RunTime:0.067004s ]
INFO: [ view_parse ] --END-- [ RunTime:0.068004s ]
INFO: [ view_filter ] --START--
INFO: Run Behavior\WriteHtmlCacheBehavior [ RunTime:0.021001s ]
INFO: Run Behavior\TokenBuildBehavior [ RunTime:0.013001s ]
INFO: [ view_filter ] --END-- [ RunTime:0.034002s ]
INFO: [ app_end ] --START--
INFO: Run Behavior\ShowPageTraceBehavior [ RunTime:0.011001s ]
INFO: [ app_end ] --END-- [ RunTime:0.012001s ]

[ 2017-04-18T21:32:10+08:00 ] 127.0.0.1 /favicon.ico
INFO: [ app_init ] --START--
INFO: Run Behavior\BuildLiteBehavior [ RunTime:0.000000s ]
INFO: [ app_init ] --END-- [ RunTime:0.001000s ]

[ 2017-04-18T22:03:20+08:00 ] 127.0.0.1 /Public/uploads/20170418/9358d109b3de9c8231050f5d6881800a18d84384.jpg
INFO: [ app_init ] --START--
INFO: Run Behavior\BuildLiteBehavior [ RunTime:0.000000s ]
INFO: [ app_init ] --END-- [ RunTime:0.002000s ]

[ 2017-04-18T22:03:26+08:00 ] 127.0.0.1 /Public/uploads/20170418/9358d109b3de9c8231050f5d6881800a18d84384.jpg
INFO: [ app_init ] --START--
INFO: Run Behavior\BuildLiteBehavior [ RunTime:0.000000s ]
INFO: [ app_init ] --END-- [ RunTime:0.001000s ]

[ 2017-04-18T22:03:34+08:00 ] 127.0.0.1 /Public/uploads/20170418/9358d109b3de9c8231050f5d6881800a18d84384.jpg
INFO: [ app_init ] --START--
INFO: Run Behavior\BuildLiteBehavior [ RunTime:0.000000s ]
INFO: [ app_init ] --END-- [ RunTime:0.001000s ]

[ 2017-04-18T22:03:35+08:00 ] 127.0.0.1 /Public/uploads/20170418/9358d109b3de9c8231050f5d6881800a18d84384.jpg
INFO: [ app_init ] --START--
INFO: Run Behavior\BuildLiteBehavior [ RunTime:0.000000s ]
INFO: [ app_init ] --END-- [ RunTime:0.001001s ]

[ 2017-04-18T22:04:00+08:00 ] 127.0.0.1 /Public/uploads/20170418/9358d109b3de9c8231050f5d6881800a18d84384.jpg
INFO: [ app_init ] --START--
INFO: Run Behavior\BuildLiteBehavior [ RunTime:0.000000s ]
INFO: [ app_init ] --END-- [ RunTime:0.001000s ]

[ 2017-04-18T22:04:16+08:00 ] 127.0.0.1 /Public/uploads/20170418/9358d109b3de9c8231050f5d6881800a18d84384.jpg
INFO: [ app_init ] --START--
INFO: Run Behavior\BuildLiteBehavior [ RunTime:0.000000s ]
INFO: [ app_init ] --END-- [ RunTime:0.000000s ]

