[ 2017-04-21T10:01:53+08:00 ] 127.0.0.1 /admin
INFO: [ app_init ] --START--
INFO: Run Behavior\BuildLiteBehavior [ RunTime:0.000026s ]
INFO: [ app_init ] --END-- [ RunTime:0.001614s ]
INFO: [ app_begin ] --START--
INFO: Run Behavior\ReadHtmlCacheBehavior [ RunTime:0.001466s ]
INFO: Run Behavior\CheckLangBehavior [ RunTime:0.017506s ]
INFO: [ app_begin ] --END-- [ RunTime:0.019338s ]

[ 2017-04-21T10:01:53+08:00 ] 127.0.0.1 /admin/Login/index
INFO: [ app_init ] --START--
INFO: Run Behavior\BuildLiteBehavior [ RunTime:0.000025s ]
INFO: [ app_init ] --END-- [ RunTime:0.000480s ]
INFO: [ app_begin ] --START--
INFO: Run Behavior\ReadHtmlCacheBehavior [ RunTime:0.000518s ]
INFO: Run Behavior\CheckLangBehavior [ RunTime:0.000957s ]
INFO: [ app_begin ] --END-- [ RunTime:0.001655s ]
INFO: [ view_parse ] --START--
INFO: [ template_filter ] --START--
INFO: Run Behavior\ContentReplaceBehavior [ RunTime:0.001059s ]
INFO: [ template_filter ] --END-- [ RunTime:0.001271s ]
INFO: Run Behavior\ParseTemplateBehavior [ RunTime:0.055553s ]
INFO: [ view_parse ] --END-- [ RunTime:0.055751s ]
INFO: [ view_filter ] --START--
INFO: Run Behavior\WriteHtmlCacheBehavior [ RunTime:0.012661s ]
INFO: Run Behavior\TokenBuildBehavior [ RunTime:0.002137s ]
INFO: [ view_filter ] --END-- [ RunTime:0.015054s ]
INFO: [ app_end ] --START--
INFO: Run Behavior\ShowPageTraceBehavior [ RunTime:0.031512s ]
INFO: [ app_end ] --END-- [ RunTime:0.031647s ]

[ 2017-04-21T10:02:02+08:00 ] 127.0.0.1 /admin/Login
INFO: [ app_init ] --START--
INFO: Run Behavior\BuildLiteBehavior [ RunTime:0.000022s ]
INFO: [ app_init ] --END-- [ RunTime:0.000420s ]
INFO: [ app_begin ] --START--
INFO: Run Behavior\ReadHtmlCacheBehavior [ RunTime:0.000431s ]
INFO: Run Behavior\CheckLangBehavior [ RunTime:0.000819s ]
INFO: [ app_begin ] --END-- [ RunTime:0.001406s ]
NOTIC: [2] call_user_func_array() expects parameter 1 to be a valid callback, function 'checkPassword' not found or invalid function name E:\www\puamap\BaseCore\Library\Think\Model.class.php 第 1279 行.
SQL: SELECT * FROM `puamap_admin` WHERE `username` = 'admin' LIMIT 1   [ RunTime:0.0149s ]
INFO: [ view_parse ] --START--
INFO: [ template_filter ] --START--
INFO: Run Behavior\ContentReplaceBehavior [ RunTime:0.000078s ]
INFO: [ template_filter ] --END-- [ RunTime:0.000258s ]
INFO: Run Behavior\ParseTemplateBehavior [ RunTime:0.024685s ]
INFO: [ view_parse ] --END-- [ RunTime:0.024838s ]
INFO: [ view_filter ] --START--
INFO: Run Behavior\WriteHtmlCacheBehavior [ RunTime:0.000369s ]
INFO: Run Behavior\TokenBuildBehavior [ RunTime:0.000451s ]
INFO: [ view_filter ] --END-- [ RunTime:0.000958s ]

[ 2017-04-21T10:02:03+08:00 ] 127.0.0.1 /admin
INFO: [ app_init ] --START--
INFO: Run Behavior\BuildLiteBehavior [ RunTime:0.000021s ]
INFO: [ app_init ] --END-- [ RunTime:0.000583s ]
INFO: [ app_begin ] --START--
INFO: Run Behavior\ReadHtmlCacheBehavior [ RunTime:0.000663s ]
INFO: Run Behavior\CheckLangBehavior [ RunTime:0.001079s ]
INFO: [ app_begin ] --END-- [ RunTime:0.001918s ]
INFO: [ view_parse ] --START--
INFO: [ template_filter ] --START--
INFO: Run Behavior\ContentReplaceBehavior [ RunTime:0.000102s ]
INFO: [ template_filter ] --END-- [ RunTime:0.000196s ]
INFO: Run Behavior\ParseTemplateBehavior [ RunTime:0.021266s ]
INFO: [ view_parse ] --END-- [ RunTime:0.021376s ]
INFO: [ view_filter ] --START--
INFO: Run Behavior\WriteHtmlCacheBehavior [ RunTime:0.000351s ]
INFO: Run Behavior\TokenBuildBehavior [ RunTime:0.000704s ]
INFO: [ view_filter ] --END-- [ RunTime:0.001200s ]
INFO: [ app_end ] --START--
INFO: Run Behavior\ShowPageTraceBehavior [ RunTime:0.000513s ]
INFO: [ app_end ] --END-- [ RunTime:0.000604s ]

[ 2017-04-21T10:02:03+08:00 ] 127.0.0.1 /index.php/admin/index/main.html
INFO: [ app_init ] --START--
INFO: Run Behavior\BuildLiteBehavior [ RunTime:0.000027s ]
INFO: [ app_init ] --END-- [ RunTime:0.000531s ]
INFO: [ app_begin ] --START--
INFO: Run Behavior\ReadHtmlCacheBehavior [ RunTime:0.000549s ]
INFO: Run Behavior\CheckLangBehavior [ RunTime:0.000969s ]
INFO: [ app_begin ] --END-- [ RunTime:0.001723s ]
INFO: [ view_parse ] --START--
INFO: [ template_filter ] --START--
INFO: Run Behavior\ContentReplaceBehavior [ RunTime:0.000115s ]
INFO: [ template_filter ] --END-- [ RunTime:0.000213s ]
INFO: Run Behavior\ParseTemplateBehavior [ RunTime:0.004870s ]
INFO: [ view_parse ] --END-- [ RunTime:0.004985s ]
INFO: [ view_filter ] --START--
INFO: Run Behavior\WriteHtmlCacheBehavior [ RunTime:0.000577s ]
INFO: Run Behavior\TokenBuildBehavior [ RunTime:0.000606s ]
INFO: [ view_filter ] --END-- [ RunTime:0.001410s ]
INFO: [ app_end ] --START--
INFO: Run Behavior\ShowPageTraceBehavior [ RunTime:0.000831s ]
INFO: [ app_end ] --END-- [ RunTime:0.000953s ]

[ 2017-04-21T10:02:07+08:00 ] 127.0.0.1 /admin/index/groom
INFO: [ app_init ] --START--
INFO: Run Behavior\BuildLiteBehavior [ RunTime:0.000021s ]
INFO: [ app_init ] --END-- [ RunTime:0.000482s ]
INFO: [ app_begin ] --START--
INFO: Run Behavior\ReadHtmlCacheBehavior [ RunTime:0.000448s ]
INFO: Run Behavior\CheckLangBehavior [ RunTime:0.000955s ]
INFO: [ app_begin ] --END-- [ RunTime:0.001569s ]
INFO: [ view_parse ] --START--
INFO: [ template_filter ] --START--
INFO: Run Behavior\ContentReplaceBehavior [ RunTime:0.000093s ]
INFO: [ template_filter ] --END-- [ RunTime:0.000190s ]
NOTIC: [8] Undefined variable: data E:\www\puamap\Runtime\Cache\Admin\7e2414340d68c76b6248310fbab9d20a.php 第 36 行.
NOTIC: [8] Undefined variable: message E:\www\puamap\Runtime\Cache\Admin\7e2414340d68c76b6248310fbab9d20a.php 第 104 行.
NOTIC: [8] Undefined variable: message E:\www\puamap\Runtime\Cache\Admin\7e2414340d68c76b6248310fbab9d20a.php 第 105 行.
NOTIC: [8] Undefined variable: data E:\www\puamap\Runtime\Cache\Admin\7e2414340d68c76b6248310fbab9d20a.php 第 111 行.
NOTIC: [8] Undefined variable: page E:\www\puamap\Runtime\Cache\Admin\7e2414340d68c76b6248310fbab9d20a.php 第 113 行.
INFO: Run Behavior\ParseTemplateBehavior [ RunTime:0.028096s ]
INFO: [ view_parse ] --END-- [ RunTime:0.028185s ]
INFO: [ view_filter ] --START--
INFO: Run Behavior\WriteHtmlCacheBehavior [ RunTime:0.000309s ]
INFO: Run Behavior\TokenBuildBehavior [ RunTime:0.000560s ]
INFO: [ view_filter ] --END-- [ RunTime:0.001002s ]
INFO: [ app_end ] --START--
INFO: Run Behavior\ShowPageTraceBehavior [ RunTime:0.000470s ]
INFO: [ app_end ] --END-- [ RunTime:0.000558s ]

[ 2017-04-21T10:02:09+08:00 ] 127.0.0.1 /admin/index/addgroom
INFO: [ app_init ] --START--
INFO: Run Behavior\BuildLiteBehavior [ RunTime:0.000024s ]
INFO: [ app_init ] --END-- [ RunTime:0.000518s ]
INFO: [ app_begin ] --START--
INFO: Run Behavior\ReadHtmlCacheBehavior [ RunTime:0.000477s ]
INFO: Run Behavior\CheckLangBehavior [ RunTime:0.000894s ]
INFO: [ app_begin ] --END-- [ RunTime:0.001542s ]
INFO: [ view_parse ] --START--
INFO: [ template_filter ] --START--
INFO: Run Behavior\ContentReplaceBehavior [ RunTime:0.000102s ]
INFO: [ template_filter ] --END-- [ RunTime:0.000208s ]
INFO: Run Behavior\ParseTemplateBehavior [ RunTime:0.020266s ]
INFO: [ view_parse ] --END-- [ RunTime:0.020405s ]
INFO: [ view_filter ] --START--
INFO: Run Behavior\WriteHtmlCacheBehavior [ RunTime:0.000372s ]
INFO: Run Behavior\TokenBuildBehavior [ RunTime:0.000612s ]
INFO: [ view_filter ] --END-- [ RunTime:0.001132s ]
INFO: [ app_end ] --START--
INFO: Run Behavior\ShowPageTraceBehavior [ RunTime:0.000490s ]
INFO: [ app_end ] --END-- [ RunTime:0.000586s ]

[ 2017-04-21T10:13:21+08:00 ] 127.0.0.1 /admin/index/addgroom
INFO: [ app_init ] --START--
INFO: Run Behavior\BuildLiteBehavior [ RunTime:0.000057s ]
INFO: [ app_init ] --END-- [ RunTime:0.001855s ]
INFO: [ app_begin ] --START--
INFO: Run Behavior\ReadHtmlCacheBehavior [ RunTime:0.002091s ]
INFO: Run Behavior\CheckLangBehavior [ RunTime:0.011888s ]
INFO: [ app_begin ] --END-- [ RunTime:0.014453s ]
INFO: [ view_parse ] --START--
INFO: [ template_filter ] --START--
INFO: Run Behavior\ContentReplaceBehavior [ RunTime:0.000256s ]
INFO: [ template_filter ] --END-- [ RunTime:0.000526s ]
INFO: Run Behavior\ParseTemplateBehavior [ RunTime:0.097852s ]
INFO: [ view_parse ] --END-- [ RunTime:0.098129s ]
INFO: [ view_filter ] --START--
INFO: Run Behavior\WriteHtmlCacheBehavior [ RunTime:0.014974s ]
INFO: Run Behavior\TokenBuildBehavior [ RunTime:0.011318s ]
INFO: [ view_filter ] --END-- [ RunTime:0.026708s ]
INFO: [ app_end ] --START--
INFO: Run Behavior\ShowPageTraceBehavior [ RunTime:0.030637s ]
INFO: [ app_end ] --END-- [ RunTime:0.030903s ]

[ 2017-04-21T10:13:35+08:00 ] 127.0.0.1 /admin/index/addgroom
INFO: [ app_init ] --START--
INFO: Run Behavior\BuildLiteBehavior [ RunTime:0.000022s ]
INFO: [ app_init ] --END-- [ RunTime:0.000445s ]
INFO: [ app_begin ] --START--
INFO: Run Behavior\ReadHtmlCacheBehavior [ RunTime:0.000496s ]
INFO: Run Behavior\CheckLangBehavior [ RunTime:0.000956s ]
INFO: [ app_begin ] --END-- [ RunTime:0.001640s ]
INFO: [ view_parse ] --START--
INFO: [ template_filter ] --START--
INFO: Run Behavior\ContentReplaceBehavior [ RunTime:0.000096s ]
INFO: [ template_filter ] --END-- [ RunTime:0.000192s ]
INFO: Run Behavior\ParseTemplateBehavior [ RunTime:0.026071s ]
INFO: [ view_parse ] --END-- [ RunTime:0.026205s ]
INFO: [ view_filter ] --START--
INFO: Run Behavior\WriteHtmlCacheBehavior [ RunTime:0.000367s ]
INFO: Run Behavior\TokenBuildBehavior [ RunTime:0.000542s ]
INFO: [ view_filter ] --END-- [ RunTime:0.001058s ]
INFO: [ app_end ] --START--
INFO: Run Behavior\ShowPageTraceBehavior [ RunTime:0.000509s ]
INFO: [ app_end ] --END-- [ RunTime:0.000612s ]

[ 2017-04-21T10:13:37+08:00 ] 127.0.0.1 /admin/index/addgroom
INFO: [ app_init ] --START--
INFO: Run Behavior\BuildLiteBehavior [ RunTime:0.000023s ]
INFO: [ app_init ] --END-- [ RunTime:0.000526s ]
INFO: [ app_begin ] --START--
INFO: Run Behavior\ReadHtmlCacheBehavior [ RunTime:0.000429s ]
INFO: Run Behavior\CheckLangBehavior [ RunTime:0.000837s ]
INFO: [ app_begin ] --END-- [ RunTime:0.001427s ]
INFO: [ view_parse ] --START--
INFO: [ template_filter ] --START--
INFO: Run Behavior\ContentReplaceBehavior [ RunTime:0.000126s ]
INFO: [ template_filter ] --END-- [ RunTime:0.000237s ]
INFO: Run Behavior\ParseTemplateBehavior [ RunTime:0.006988s ]
INFO: [ view_parse ] --END-- [ RunTime:0.007086s ]
INFO: [ view_filter ] --START--
INFO: Run Behavior\WriteHtmlCacheBehavior [ RunTime:0.000344s ]
INFO: Run Behavior\TokenBuildBehavior [ RunTime:0.000512s ]
INFO: [ view_filter ] --END-- [ RunTime:0.000994s ]
INFO: [ app_end ] --START--
INFO: Run Behavior\ShowPageTraceBehavior [ RunTime:0.000474s ]
INFO: [ app_end ] --END-- [ RunTime:0.000565s ]

[ 2017-04-21T10:13:40+08:00 ] 127.0.0.1 /admin/index/addgroom
INFO: [ app_init ] --START--
INFO: Run Behavior\BuildLiteBehavior [ RunTime:0.000022s ]
INFO: [ app_init ] --END-- [ RunTime:0.000443s ]
INFO: [ app_begin ] --START--
INFO: Run Behavior\ReadHtmlCacheBehavior [ RunTime:0.000471s ]
INFO: Run Behavior\CheckLangBehavior [ RunTime:0.001174s ]
INFO: [ app_begin ] --END-- [ RunTime:0.001850s ]
INFO: [ view_parse ] --START--
INFO: [ template_filter ] --START--
INFO: Run Behavior\ContentReplaceBehavior [ RunTime:0.000098s ]
INFO: [ template_filter ] --END-- [ RunTime:0.000200s ]
INFO: Run Behavior\ParseTemplateBehavior [ RunTime:0.006750s ]
INFO: [ view_parse ] --END-- [ RunTime:0.006855s ]
INFO: [ view_filter ] --START--
INFO: Run Behavior\WriteHtmlCacheBehavior [ RunTime:0.000337s ]
INFO: Run Behavior\TokenBuildBehavior [ RunTime:0.000568s ]
INFO: [ view_filter ] --END-- [ RunTime:0.001044s ]
INFO: [ app_end ] --START--
INFO: Run Behavior\ShowPageTraceBehavior [ RunTime:0.000470s ]
INFO: [ app_end ] --END-- [ RunTime:0.000560s ]

[ 2017-04-21T10:13:56+08:00 ] 127.0.0.1 /admin/index/addgroom
INFO: [ app_init ] --START--
INFO: Run Behavior\BuildLiteBehavior [ RunTime:0.000023s ]
INFO: [ app_init ] --END-- [ RunTime:0.000540s ]
INFO: [ app_begin ] --START--
INFO: Run Behavior\ReadHtmlCacheBehavior [ RunTime:0.000461s ]
INFO: Run Behavior\CheckLangBehavior [ RunTime:0.000855s ]
INFO: [ app_begin ] --END-- [ RunTime:0.001478s ]
INFO: [ view_parse ] --START--
INFO: [ template_filter ] --START--
INFO: Run Behavior\ContentReplaceBehavior [ RunTime:0.000098s ]
INFO: [ template_filter ] --END-- [ RunTime:0.000228s ]
INFO: Run Behavior\ParseTemplateBehavior [ RunTime:0.007275s ]
INFO: [ view_parse ] --END-- [ RunTime:0.007374s ]
INFO: [ view_filter ] --START--
INFO: Run Behavior\WriteHtmlCacheBehavior [ RunTime:0.000350s ]
INFO: Run Behavior\TokenBuildBehavior [ RunTime:0.000533s ]
INFO: [ view_filter ] --END-- [ RunTime:0.001020s ]
INFO: [ app_end ] --START--
INFO: Run Behavior\ShowPageTraceBehavior [ RunTime:0.000518s ]
INFO: [ app_end ] --END-- [ RunTime:0.000606s ]

[ 2017-04-21T10:22:10+08:00 ] 127.0.0.1 /admin/index/addgroom
INFO: [ app_init ] --START--
INFO: Run Behavior\BuildLiteBehavior [ RunTime:0.000025s ]
INFO: [ app_init ] --END-- [ RunTime:0.000919s ]
INFO: [ app_begin ] --START--
INFO: Run Behavior\ReadHtmlCacheBehavior [ RunTime:0.000874s ]
INFO: Run Behavior\CheckLangBehavior [ RunTime:0.016956s ]
INFO: [ app_begin ] --END-- [ RunTime:0.018117s ]
INFO: [ view_parse ] --START--
INFO: [ template_filter ] --START--
INFO: Run Behavior\ContentReplaceBehavior [ RunTime:0.000156s ]
INFO: [ template_filter ] --END-- [ RunTime:0.000342s ]
INFO: Run Behavior\ParseTemplateBehavior [ RunTime:0.078472s ]
INFO: [ view_parse ] --END-- [ RunTime:0.078691s ]
INFO: [ view_filter ] --START--
INFO: Run Behavior\WriteHtmlCacheBehavior [ RunTime:0.017510s ]
INFO: Run Behavior\TokenBuildBehavior [ RunTime:0.011151s ]
INFO: [ view_filter ] --END-- [ RunTime:0.028945s ]
INFO: [ app_end ] --START--
INFO: Run Behavior\ShowPageTraceBehavior [ RunTime:0.022508s ]
INFO: [ app_end ] --END-- [ RunTime:0.022683s ]

